\BOOKMARK [1][-]{section.1}{\376\377\000I\000n\000t\000r\000o\000d\000u\000c\000t\000i\000o\000n}{}% 1
\BOOKMARK [1][-]{section.2}{\376\377\000T\000e\000c\000h\000n\000i\000c\000a\000l\000\040\000b\000a\000c\000k\000g\000r\000o\000u\000n\000d}{}% 2
\BOOKMARK [2][-]{subsection.2.1}{\376\377\000R\000\351\000s\000e\000a\000u\000x\000\040\000I\000P\000\040\000E\000u\000r\000o\000p\000\351\000e\000n\000s\000\040\000\050\000R\000I\000P\000E\000\051}{section.2}% 3
\BOOKMARK [2][-]{subsection.2.2}{\376\377\000P\000e\000a\000k\000D\000N\000S}{section.2}% 4
\BOOKMARK [2][-]{subsection.2.3}{\376\377\000D\000o\000m\000a\000i\000n\000\040\000N\000a\000m\000e\000\040\000S\000y\000s\000t\000e\000m}{section.2}% 5
\BOOKMARK [3][-]{subsubsection.2.3.1}{\376\377\000D\000N\000S\000\040\000R\000e\000c\000o\000r\000d\000\040\000T\000y\000p\000e\000s}{subsection.2.3}% 6
\BOOKMARK [3][-]{subsubsection.2.3.2}{\376\377\000S\000o\000u\000r\000c\000e\000\040\000o\000f\000\040\000A\000u\000t\000h\000o\000r\000i\000t\000y}{subsection.2.3}% 7
\BOOKMARK [3][-]{subsubsection.2.3.3}{\376\377\000T\000i\000m\000e\000\040\000t\000o\000\040\000L\000i\000v\000e}{subsection.2.3}% 8
\BOOKMARK [3][-]{subsubsection.2.3.4}{\376\377\000M\000u\000l\000t\000i\000\040\000r\000e\000c\000o\000r\000d\000\040\000r\000e\000s\000o\000l\000u\000t\000i\000o\000n}{subsection.2.3}% 9
\BOOKMARK [2][-]{subsection.2.4}{\376\377\000I\000P\000v\0006}{section.2}% 10
\BOOKMARK [3][-]{subsubsection.2.4.1}{\376\377\000I\000P\000v\0006\000\040\000A\000d\000d\000r\000e\000s\000s\000\040\000S\000t\000r\000u\000c\000t\000u\000r\000e}{subsection.2.4}% 11
\BOOKMARK [3][-]{subsubsection.2.4.2}{\376\377\000I\000P\000v\0006\000\040\000A\000d\000d\000r\000e\000s\000s\000\040\000A\000l\000l\000o\000c\000a\000t\000i\000o\000n\000\040\000p\000o\000l\000i\000c\000y}{subsection.2.4}% 12
\BOOKMARK [2][-]{subsection.2.5}{\376\377\000J\000S\000O\000N\000\040\000W\000e\000b\000\040\000T\000o\000k\000e\000n\000s}{section.2}% 13
\BOOKMARK [3][-]{subsubsection.2.5.1}{\376\377\000J\000W\000T\000\040\000S\000t\000r\000u\000c\000t\000u\000r\000e}{subsection.2.5}% 14
\BOOKMARK [2][-]{subsection.2.6}{\376\377\000D\000o\000c\000k\000e\000r}{section.2}% 15
\BOOKMARK [2][-]{subsection.2.7}{\376\377\000K\000u\000b\000e\000r\000n\000e\000t\000e\000s}{section.2}% 16
\BOOKMARK [3][-]{subsubsection.2.7.1}{\376\377\000M\000i\000n\000i\000k\000u\000b\000e}{subsection.2.7}% 17
\BOOKMARK [2][-]{subsection.2.8}{\376\377\000P\000r\000o\000m\000e\000t\000h\000e\000u\000s}{section.2}% 18
\BOOKMARK [3][-]{subsubsection.2.8.1}{\376\377\000P\000r\000o\000m\000Q\000L}{subsection.2.8}% 19
\BOOKMARK [2][-]{subsection.2.9}{\376\377\000T\000e\000r\000m\000i\000n\000o\000l\000o\000g\000y}{section.2}% 20
\BOOKMARK [3][-]{subsubsection.2.9.1}{\376\377\000C\000l\000u\000s\000t\000e\000r}{subsection.2.9}% 21
\BOOKMARK [3][-]{subsubsection.2.9.2}{\376\377\000M\000i\000c\000r\000o\000-\000c\000l\000u\000s\000t\000e\000r}{subsection.2.9}% 22
\BOOKMARK [3][-]{subsubsection.2.9.3}{\376\377\000C\000l\000u\000s\000t\000e\000r\000-\000l\000e\000v\000e\000l\000\040\000D\000N\000S\000\040\000s\000e\000r\000v\000e\000r}{subsection.2.9}% 23
\BOOKMARK [3][-]{subsubsection.2.9.4}{\376\377\000P\000o\000d}{subsection.2.9}% 24
\BOOKMARK [3][-]{subsubsection.2.9.5}{\376\377\000M\000e\000t\000r\000i\000c\000s\000-\000B\000a\000s\000e\000d\000\040\000R\000e\000c\000o\000r\000d\000\040\000M\000a\000n\000a\000g\000e\000m\000e\000n\000t}{subsection.2.9}% 25
\BOOKMARK [1][-]{section.3}{\376\377\000S\000y\000s\000t\000e\000m\000\040\000D\000e\000s\000i\000g\000n}{}% 26
\BOOKMARK [2][-]{subsection.3.1}{\376\377\000P\000E\000A\000K\000\040\000A\000r\000c\000h\000i\000t\000e\000c\000t\000u\000r\000a\000l\000\040\000O\000v\000e\000r\000v\000i\000e\000w}{section.3}% 27
\BOOKMARK [3][-]{subsubsection.3.1.1}{\376\377\000A\000u\000t\000h\000e\000n\000t\000i\000c\000a\000t\000i\000o\000n}{subsection.3.1}% 28
\BOOKMARK [3][-]{subsubsection.3.1.2}{\376\377\000M\000e\000t\000r\000i\000c\000-\000B\000a\000s\000e\000d\000\040\000r\000e\000c\000o\000r\000d\000\040\000m\000a\000n\000a\000g\000e\000m\000e\000n\000t}{subsection.3.1}% 29
\BOOKMARK [3][-]{subsubsection.3.1.3}{\376\377\000C\000l\000i\000e\000n\000t\000-\000M\000e\000d\000i\000a\000t\000e\000d\000\040\000c\000o\000m\000m\000u\000n\000i\000c\000a\000t\000i\000o\000n}{subsection.3.1}% 30
\BOOKMARK [3][-]{subsubsection.3.1.4}{\376\377\000C\000l\000u\000s\000t\000e\000r\000-\000L\000e\000v\000e\000l\000\040\000D\000D\000o\000S\000\040\000m\000i\000t\000i\000g\000a\000t\000i\000o\000n}{subsection.3.1}% 31
\BOOKMARK [2][-]{subsection.3.2}{\376\377\000R\000e\000f\000e\000r\000e\000n\000c\000e\000\040\000I\000m\000p\000l\000e\000m\000e\000n\000t\000a\000t\000i\000o\000n\000\040\000O\000v\000e\000r\000v\000i\000e\000w}{section.3}% 32
\BOOKMARK [3][-]{subsubsection.3.2.1}{\376\377\000A\000u\000t\000h\000e\000n\000t\000i\000c\000a\000t\000i\000o\000n\000:\000\040\000s\000e\000l\000f\000.\000a\000u\000t\000h\000.\000p\000e\000a\000k}{subsection.3.2}% 33
\BOOKMARK [3][-]{subsubsection.3.2.2}{\376\377\000V\000i\000d\000e\000o\000\040\000S\000e\000r\000v\000i\000c\000e\000s}{subsection.3.2}% 34
